wandb: ERROR Failed to sample metric: Not Supported
wandb: Tracking run with wandb version 0.13.5
wandb: W&B syncing is set to `offline` in this directory.  
wandb: Run `wandb online` or set WANDB_MODE=online to enable cloud syncing.
Traceback (most recent call last):
  File "/home/hywluc001/KPConv-PyTorch/train_Masters.py", line 419, in <module>
    os.kill(os.getpid(), signal.SIGINT)
KeyboardInterrupt
wandb: Waiting for W&B process to finish... (failed 255).
wandb: 
wandb: Run history:
wandb:             Train/epoch ▁▁▁▂▂▂▂▂▂▃▃▃▃▃▃▄▄▄▄▄▅▅▅▅▅▅▆▆▆▆▆▇▇▇▇▇▇███
wandb:    Train/inner_accuracy ▇██▇▇▁▆▇▇█████▇█▂███▆▇███▃██▇▆▇██▇▆████▇
wandb:          Train/inner_f1 █████▂▁▇▇█████▇▇▃███▆▇███▆████████▁████▇
wandb: Train/inner_output_loss ▄▁▁▃▂█▄▃▂▂▁▁▂▂▂▂█▁▁▂▄▂▁▁▂▆▁▁▃▃▂▁▁▂▄▁▁▁▁▂
wandb:    Train/inner_reg_loss █▅▇▃▇▄▃▆▆▂▅▂▇▂▅▂▃▄▃▆▅▂▃▅▆▅▂▂▂▄▁▄▂▂▂▇▅▄▁▃
wandb:    Train/inner_sum_loss █▄▆▃▆▆▃▆▆▂▅▂▇▂▅▂▆▄▂▅▅▁▂▄▅▇▂▁▂▄▁▃▂▂▃▅▄▃▁▃
wandb:              Train/step ▁▁▂▂▃▃▄▄▄▅▅▆▆▆▇▇█▁▁▂▂▃▃▄▄▄▅▅▆▆▆▇▇██▁▂▂▃▃
wandb:           Validation/F1 ▃▇▁▅▃▆█▆▇▇▆▆▅▅▆▆▆▆▇▆▆▆▇█▇▄▇▇▇▆▃▆▇▇▇▆▇▇▄▇
wandb:           Validation/FN ▁▁█▁▆▁▁▁▃▃▄▁▂▃▃▄▄▁▁▁▁▂▂▂▂▁▂▂▂▂▅▄▂▁▃▄▂▁▅▂
wandb:           Validation/FP █▂▁▅▁▃▂▄▁▁▁▄▆▂▂▂▁▃▂▃▅▃▂▂▂▆▂▂▂▃▂▁▂▃▂▂▂▃▂▂
wandb:           Validation/TN ▃▅▇▃▆▆▆▄▆▇▇▄▁▇▇▇▇▇▆▆▂▇▆▆▆▃▇▇▆▄▆▅██▆▅▆▄▆▅
wandb:           Validation/TP ▇▇▁▇▂▆▆▇▅▅▄▇█▄▄▄▅▄▇▅▇▅▆▇▆▅▅▇▆▇▃▅▅▄▅▅▅▇▃▆
wandb:     Validation/accuracy ▁▇▂▄▃▆█▅▇▇▆▅▃▆▆▆▆▆▇▆▄▆▇█▇▃▇▇▇▆▃▆█▇▇▅▇▆▄▆
wandb:  Validation/category-FN ▁▁█▁▆▁▁▁▃▃▄▁▁▃▃▄▃▁▁▁▁▂▂▂▂▁▂▂▂▁▅▃▂▁▃▄▂▁▅▂
wandb:  Validation/category-FP █▃▁▆▂▄▂▄▁▁▁▄▇▂▂▂▁▃▂▃▆▃▂▂▂▇▂▂▂▄▃▂▂▃▂▂▂▄▂▃
wandb:  Validation/category-TN ▁▆█▃▇▅▇▅███▅▂▇▇▇█▆▇▆▃▆▇▇▇▂▇▇▇▅▆▇▇▆▇▇▇▅▇▆
wandb:  Validation/category-TP ██▁█▃███▆▆▅██▆▆▅▆████▇▇▇▇█▇▇▇█▄▆▇█▆▅▇█▄▇
wandb:         Validation/mIoU ▁▇▁▃▃▆█▅▇▆▅▅▂▅▆▅▆▆▇▆▄▆▇█▇▂▇▇▇▅▃▅▇▇▆▅▇▆▄▆
wandb: 
wandb: Run summary:
wandb:            Train/epoch 98
wandb:   Train/inner_accuracy 0.97854
wandb:         Train/inner_f1 0.91518
wandb:             Train/step 499
wandb:          Validation/FN 23254
wandb:          Validation/FP 43887
wandb:          Validation/TN 410767
wandb:          Validation/TP 366499
wandb: Validation/category-FN 0.06
wandb: Validation/category-FP 0.097
wandb: Validation/category-TN 0.903
wandb: Validation/category-TP 0.94
wandb: 
wandb: You can sync this run to the cloud by running:
wandb: wandb sync /home/hywluc001/KPConv-PyTorch/wandb/offline-run-20221120_192040-39htg7y7
wandb: Find logs at: ./wandb/offline-run-20221120_192040-39htg7y7/logs
