wandb: Currently logged in as: luchayward. Use `wandb login --relogin` to force relogin
wandb: Tracking run with wandb version 0.13.5
wandb: Run data is saved locally in /home/hywluc001/KPConv-PyTorch/wandb/run-20221122_161328-f0n7wfhe
wandb: Run `wandb offline` to turn off syncing.
wandb: Syncing run Lunnahoja_2.5%
wandb: ⭐️ View project at https://wandb.ai/luchayward/kpconv
wandb: 🚀 View run at https://wandb.ai/luchayward/kpconv/runs/f0n7wfhe
/home/hywluc001/KPConv-PyTorch/utils/trainer.py:306: FutureWarning: Unlike other reduction functions (e.g. `skew`, `kurtosis`), the default behavior of `mode` typically preserves the axis it acts along. In SciPy 1.11.0, this behavior will change: the default value of `keepdims` will become False, the `axis` over which the statistic is taken will be eliminated, and the value None will no longer be accepted. Set `keepdims` to True or False to avoid this warning.
  pred_votes = np.array([mode(s)[0] for s in splt_res]).squeeze()
/home/hywluc001/KPConv-PyTorch/utils/trainer.py:306: FutureWarning: Unlike other reduction functions (e.g. `skew`, `kurtosis`), the default behavior of `mode` typically preserves the axis it acts along. In SciPy 1.11.0, this behavior will change: the default value of `keepdims` will become False, the `axis` over which the statistic is taken will be eliminated, and the value None will no longer be accepted. Set `keepdims` to True or False to avoid this warning.
  pred_votes = np.array([mode(s)[0] for s in splt_res]).squeeze()
/home/hywluc001/KPConv-PyTorch/utils/trainer.py:306: FutureWarning: Unlike other reduction functions (e.g. `skew`, `kurtosis`), the default behavior of `mode` typically preserves the axis it acts along. In SciPy 1.11.0, this behavior will change: the default value of `keepdims` will become False, the `axis` over which the statistic is taken will be eliminated, and the value None will no longer be accepted. Set `keepdims` to True or False to avoid this warning.
  pred_votes = np.array([mode(s)[0] for s in splt_res]).squeeze()
/home/hywluc001/KPConv-PyTorch/utils/trainer.py:306: FutureWarning: Unlike other reduction functions (e.g. `skew`, `kurtosis`), the default behavior of `mode` typically preserves the axis it acts along. In SciPy 1.11.0, this behavior will change: the default value of `keepdims` will become False, the `axis` over which the statistic is taken will be eliminated, and the value None will no longer be accepted. Set `keepdims` to True or False to avoid this warning.
  pred_votes = np.array([mode(s)[0] for s in splt_res]).squeeze()
/home/hywluc001/KPConv-PyTorch/utils/trainer.py:306: FutureWarning: Unlike other reduction functions (e.g. `skew`, `kurtosis`), the default behavior of `mode` typically preserves the axis it acts along. In SciPy 1.11.0, this behavior will change: the default value of `keepdims` will become False, the `axis` over which the statistic is taken will be eliminated, and the value None will no longer be accepted. Set `keepdims` to True or False to avoid this warning.
  pred_votes = np.array([mode(s)[0] for s in splt_res]).squeeze()
/home/hywluc001/KPConv-PyTorch/utils/trainer.py:306: FutureWarning: Unlike other reduction functions (e.g. `skew`, `kurtosis`), the default behavior of `mode` typically preserves the axis it acts along. In SciPy 1.11.0, this behavior will change: the default value of `keepdims` will become False, the `axis` over which the statistic is taken will be eliminated, and the value None will no longer be accepted. Set `keepdims` to True or False to avoid this warning.
  pred_votes = np.array([mode(s)[0] for s in splt_res]).squeeze()
/home/hywluc001/KPConv-PyTorch/utils/trainer.py:306: FutureWarning: Unlike other reduction functions (e.g. `skew`, `kurtosis`), the default behavior of `mode` typically preserves the axis it acts along. In SciPy 1.11.0, this behavior will change: the default value of `keepdims` will become False, the `axis` over which the statistic is taken will be eliminated, and the value None will no longer be accepted. Set `keepdims` to True or False to avoid this warning.
  pred_votes = np.array([mode(s)[0] for s in splt_res]).squeeze()
/home/hywluc001/KPConv-PyTorch/utils/trainer.py:306: FutureWarning: Unlike other reduction functions (e.g. `skew`, `kurtosis`), the default behavior of `mode` typically preserves the axis it acts along. In SciPy 1.11.0, this behavior will change: the default value of `keepdims` will become False, the `axis` over which the statistic is taken will be eliminated, and the value None will no longer be accepted. Set `keepdims` to True or False to avoid this warning.
  pred_votes = np.array([mode(s)[0] for s in splt_res]).squeeze()
/home/hywluc001/KPConv-PyTorch/utils/trainer.py:306: FutureWarning: Unlike other reduction functions (e.g. `skew`, `kurtosis`), the default behavior of `mode` typically preserves the axis it acts along. In SciPy 1.11.0, this behavior will change: the default value of `keepdims` will become False, the `axis` over which the statistic is taken will be eliminated, and the value None will no longer be accepted. Set `keepdims` to True or False to avoid this warning.
  pred_votes = np.array([mode(s)[0] for s in splt_res]).squeeze()
/home/hywluc001/KPConv-PyTorch/utils/trainer.py:306: FutureWarning: Unlike other reduction functions (e.g. `skew`, `kurtosis`), the default behavior of `mode` typically preserves the axis it acts along. In SciPy 1.11.0, this behavior will change: the default value of `keepdims` will become False, the `axis` over which the statistic is taken will be eliminated, and the value None will no longer be accepted. Set `keepdims` to True or False to avoid this warning.
  pred_votes = np.array([mode(s)[0] for s in splt_res]).squeeze()
/home/hywluc001/KPConv-PyTorch/utils/trainer.py:306: FutureWarning: Unlike other reduction functions (e.g. `skew`, `kurtosis`), the default behavior of `mode` typically preserves the axis it acts along. In SciPy 1.11.0, this behavior will change: the default value of `keepdims` will become False, the `axis` over which the statistic is taken will be eliminated, and the value None will no longer be accepted. Set `keepdims` to True or False to avoid this warning.
  pred_votes = np.array([mode(s)[0] for s in splt_res]).squeeze()
/home/hywluc001/KPConv-PyTorch/utils/trainer.py:306: FutureWarning: Unlike other reduction functions (e.g. `skew`, `kurtosis`), the default behavior of `mode` typically preserves the axis it acts along. In SciPy 1.11.0, this behavior will change: the default value of `keepdims` will become False, the `axis` over which the statistic is taken will be eliminated, and the value None will no longer be accepted. Set `keepdims` to True or False to avoid this warning.
  pred_votes = np.array([mode(s)[0] for s in splt_res]).squeeze()
/home/hywluc001/KPConv-PyTorch/utils/trainer.py:306: FutureWarning: Unlike other reduction functions (e.g. `skew`, `kurtosis`), the default behavior of `mode` typically preserves the axis it acts along. In SciPy 1.11.0, this behavior will change: the default value of `keepdims` will become False, the `axis` over which the statistic is taken will be eliminated, and the value None will no longer be accepted. Set `keepdims` to True or False to avoid this warning.
  pred_votes = np.array([mode(s)[0] for s in splt_res]).squeeze()
/home/hywluc001/KPConv-PyTorch/utils/trainer.py:306: FutureWarning: Unlike other reduction functions (e.g. `skew`, `kurtosis`), the default behavior of `mode` typically preserves the axis it acts along. In SciPy 1.11.0, this behavior will change: the default value of `keepdims` will become False, the `axis` over which the statistic is taken will be eliminated, and the value None will no longer be accepted. Set `keepdims` to True or False to avoid this warning.
  pred_votes = np.array([mode(s)[0] for s in splt_res]).squeeze()
/home/hywluc001/KPConv-PyTorch/utils/trainer.py:306: FutureWarning: Unlike other reduction functions (e.g. `skew`, `kurtosis`), the default behavior of `mode` typically preserves the axis it acts along. In SciPy 1.11.0, this behavior will change: the default value of `keepdims` will become False, the `axis` over which the statistic is taken will be eliminated, and the value None will no longer be accepted. Set `keepdims` to True or False to avoid this warning.
  pred_votes = np.array([mode(s)[0] for s in splt_res]).squeeze()
/home/hywluc001/KPConv-PyTorch/utils/trainer.py:306: FutureWarning: Unlike other reduction functions (e.g. `skew`, `kurtosis`), the default behavior of `mode` typically preserves the axis it acts along. In SciPy 1.11.0, this behavior will change: the default value of `keepdims` will become False, the `axis` over which the statistic is taken will be eliminated, and the value None will no longer be accepted. Set `keepdims` to True or False to avoid this warning.
  pred_votes = np.array([mode(s)[0] for s in splt_res]).squeeze()
/home/hywluc001/KPConv-PyTorch/utils/trainer.py:306: FutureWarning: Unlike other reduction functions (e.g. `skew`, `kurtosis`), the default behavior of `mode` typically preserves the axis it acts along. In SciPy 1.11.0, this behavior will change: the default value of `keepdims` will become False, the `axis` over which the statistic is taken will be eliminated, and the value None will no longer be accepted. Set `keepdims` to True or False to avoid this warning.
  pred_votes = np.array([mode(s)[0] for s in splt_res]).squeeze()
/home/hywluc001/KPConv-PyTorch/utils/trainer.py:306: FutureWarning: Unlike other reduction functions (e.g. `skew`, `kurtosis`), the default behavior of `mode` typically preserves the axis it acts along. In SciPy 1.11.0, this behavior will change: the default value of `keepdims` will become False, the `axis` over which the statistic is taken will be eliminated, and the value None will no longer be accepted. Set `keepdims` to True or False to avoid this warning.
  pred_votes = np.array([mode(s)[0] for s in splt_res]).squeeze()
/home/hywluc001/KPConv-PyTorch/utils/trainer.py:306: FutureWarning: Unlike other reduction functions (e.g. `skew`, `kurtosis`), the default behavior of `mode` typically preserves the axis it acts along. In SciPy 1.11.0, this behavior will change: the default value of `keepdims` will become False, the `axis` over which the statistic is taken will be eliminated, and the value None will no longer be accepted. Set `keepdims` to True or False to avoid this warning.
  pred_votes = np.array([mode(s)[0] for s in splt_res]).squeeze()
/home/hywluc001/KPConv-PyTorch/utils/trainer.py:306: FutureWarning: Unlike other reduction functions (e.g. `skew`, `kurtosis`), the default behavior of `mode` typically preserves the axis it acts along. In SciPy 1.11.0, this behavior will change: the default value of `keepdims` will become False, the `axis` over which the statistic is taken will be eliminated, and the value None will no longer be accepted. Set `keepdims` to True or False to avoid this warning.
  pred_votes = np.array([mode(s)[0] for s in splt_res]).squeeze()
/home/hywluc001/KPConv-PyTorch/utils/trainer.py:306: FutureWarning: Unlike other reduction functions (e.g. `skew`, `kurtosis`), the default behavior of `mode` typically preserves the axis it acts along. In SciPy 1.11.0, this behavior will change: the default value of `keepdims` will become False, the `axis` over which the statistic is taken will be eliminated, and the value None will no longer be accepted. Set `keepdims` to True or False to avoid this warning.
  pred_votes = np.array([mode(s)[0] for s in splt_res]).squeeze()
/home/hywluc001/KPConv-PyTorch/utils/trainer.py:306: FutureWarning: Unlike other reduction functions (e.g. `skew`, `kurtosis`), the default behavior of `mode` typically preserves the axis it acts along. In SciPy 1.11.0, this behavior will change: the default value of `keepdims` will become False, the `axis` over which the statistic is taken will be eliminated, and the value None will no longer be accepted. Set `keepdims` to True or False to avoid this warning.
  pred_votes = np.array([mode(s)[0] for s in splt_res]).squeeze()
/home/hywluc001/KPConv-PyTorch/utils/trainer.py:306: FutureWarning: Unlike other reduction functions (e.g. `skew`, `kurtosis`), the default behavior of `mode` typically preserves the axis it acts along. In SciPy 1.11.0, this behavior will change: the default value of `keepdims` will become False, the `axis` over which the statistic is taken will be eliminated, and the value None will no longer be accepted. Set `keepdims` to True or False to avoid this warning.
  pred_votes = np.array([mode(s)[0] for s in splt_res]).squeeze()
/home/hywluc001/KPConv-PyTorch/utils/trainer.py:306: FutureWarning: Unlike other reduction functions (e.g. `skew`, `kurtosis`), the default behavior of `mode` typically preserves the axis it acts along. In SciPy 1.11.0, this behavior will change: the default value of `keepdims` will become False, the `axis` over which the statistic is taken will be eliminated, and the value None will no longer be accepted. Set `keepdims` to True or False to avoid this warning.
  pred_votes = np.array([mode(s)[0] for s in splt_res]).squeeze()
/home/hywluc001/KPConv-PyTorch/utils/trainer.py:306: FutureWarning: Unlike other reduction functions (e.g. `skew`, `kurtosis`), the default behavior of `mode` typically preserves the axis it acts along. In SciPy 1.11.0, this behavior will change: the default value of `keepdims` will become False, the `axis` over which the statistic is taken will be eliminated, and the value None will no longer be accepted. Set `keepdims` to True or False to avoid this warning.
  pred_votes = np.array([mode(s)[0] for s in splt_res]).squeeze()
/home/hywluc001/KPConv-PyTorch/utils/trainer.py:306: FutureWarning: Unlike other reduction functions (e.g. `skew`, `kurtosis`), the default behavior of `mode` typically preserves the axis it acts along. In SciPy 1.11.0, this behavior will change: the default value of `keepdims` will become False, the `axis` over which the statistic is taken will be eliminated, and the value None will no longer be accepted. Set `keepdims` to True or False to avoid this warning.
  pred_votes = np.array([mode(s)[0] for s in splt_res]).squeeze()
/home/hywluc001/KPConv-PyTorch/utils/trainer.py:306: FutureWarning: Unlike other reduction functions (e.g. `skew`, `kurtosis`), the default behavior of `mode` typically preserves the axis it acts along. In SciPy 1.11.0, this behavior will change: the default value of `keepdims` will become False, the `axis` over which the statistic is taken will be eliminated, and the value None will no longer be accepted. Set `keepdims` to True or False to avoid this warning.
  pred_votes = np.array([mode(s)[0] for s in splt_res]).squeeze()
/home/hywluc001/KPConv-PyTorch/utils/trainer.py:306: FutureWarning: Unlike other reduction functions (e.g. `skew`, `kurtosis`), the default behavior of `mode` typically preserves the axis it acts along. In SciPy 1.11.0, this behavior will change: the default value of `keepdims` will become False, the `axis` over which the statistic is taken will be eliminated, and the value None will no longer be accepted. Set `keepdims` to True or False to avoid this warning.
  pred_votes = np.array([mode(s)[0] for s in splt_res]).squeeze()
/home/hywluc001/KPConv-PyTorch/utils/trainer.py:306: FutureWarning: Unlike other reduction functions (e.g. `skew`, `kurtosis`), the default behavior of `mode` typically preserves the axis it acts along. In SciPy 1.11.0, this behavior will change: the default value of `keepdims` will become False, the `axis` over which the statistic is taken will be eliminated, and the value None will no longer be accepted. Set `keepdims` to True or False to avoid this warning.
  pred_votes = np.array([mode(s)[0] for s in splt_res]).squeeze()
/home/hywluc001/KPConv-PyTorch/utils/trainer.py:306: FutureWarning: Unlike other reduction functions (e.g. `skew`, `kurtosis`), the default behavior of `mode` typically preserves the axis it acts along. In SciPy 1.11.0, this behavior will change: the default value of `keepdims` will become False, the `axis` over which the statistic is taken will be eliminated, and the value None will no longer be accepted. Set `keepdims` to True or False to avoid this warning.
  pred_votes = np.array([mode(s)[0] for s in splt_res]).squeeze()
/home/hywluc001/KPConv-PyTorch/utils/trainer.py:306: FutureWarning: Unlike other reduction functions (e.g. `skew`, `kurtosis`), the default behavior of `mode` typically preserves the axis it acts along. In SciPy 1.11.0, this behavior will change: the default value of `keepdims` will become False, the `axis` over which the statistic is taken will be eliminated, and the value None will no longer be accepted. Set `keepdims` to True or False to avoid this warning.
  pred_votes = np.array([mode(s)[0] for s in splt_res]).squeeze()
/home/hywluc001/KPConv-PyTorch/utils/trainer.py:306: FutureWarning: Unlike other reduction functions (e.g. `skew`, `kurtosis`), the default behavior of `mode` typically preserves the axis it acts along. In SciPy 1.11.0, this behavior will change: the default value of `keepdims` will become False, the `axis` over which the statistic is taken will be eliminated, and the value None will no longer be accepted. Set `keepdims` to True or False to avoid this warning.
  pred_votes = np.array([mode(s)[0] for s in splt_res]).squeeze()
/home/hywluc001/KPConv-PyTorch/utils/trainer.py:306: FutureWarning: Unlike other reduction functions (e.g. `skew`, `kurtosis`), the default behavior of `mode` typically preserves the axis it acts along. In SciPy 1.11.0, this behavior will change: the default value of `keepdims` will become False, the `axis` over which the statistic is taken will be eliminated, and the value None will no longer be accepted. Set `keepdims` to True or False to avoid this warning.
  pred_votes = np.array([mode(s)[0] for s in splt_res]).squeeze()
/home/hywluc001/KPConv-PyTorch/utils/trainer.py:306: FutureWarning: Unlike other reduction functions (e.g. `skew`, `kurtosis`), the default behavior of `mode` typically preserves the axis it acts along. In SciPy 1.11.0, this behavior will change: the default value of `keepdims` will become False, the `axis` over which the statistic is taken will be eliminated, and the value None will no longer be accepted. Set `keepdims` to True or False to avoid this warning.
  pred_votes = np.array([mode(s)[0] for s in splt_res]).squeeze()
/home/hywluc001/KPConv-PyTorch/utils/trainer.py:306: FutureWarning: Unlike other reduction functions (e.g. `skew`, `kurtosis`), the default behavior of `mode` typically preserves the axis it acts along. In SciPy 1.11.0, this behavior will change: the default value of `keepdims` will become False, the `axis` over which the statistic is taken will be eliminated, and the value None will no longer be accepted. Set `keepdims` to True or False to avoid this warning.
  pred_votes = np.array([mode(s)[0] for s in splt_res]).squeeze()
/home/hywluc001/KPConv-PyTorch/utils/trainer.py:306: FutureWarning: Unlike other reduction functions (e.g. `skew`, `kurtosis`), the default behavior of `mode` typically preserves the axis it acts along. In SciPy 1.11.0, this behavior will change: the default value of `keepdims` will become False, the `axis` over which the statistic is taken will be eliminated, and the value None will no longer be accepted. Set `keepdims` to True or False to avoid this warning.
  pred_votes = np.array([mode(s)[0] for s in splt_res]).squeeze()
/home/hywluc001/KPConv-PyTorch/utils/trainer.py:306: FutureWarning: Unlike other reduction functions (e.g. `skew`, `kurtosis`), the default behavior of `mode` typically preserves the axis it acts along. In SciPy 1.11.0, this behavior will change: the default value of `keepdims` will become False, the `axis` over which the statistic is taken will be eliminated, and the value None will no longer be accepted. Set `keepdims` to True or False to avoid this warning.
  pred_votes = np.array([mode(s)[0] for s in splt_res]).squeeze()
/home/hywluc001/KPConv-PyTorch/utils/trainer.py:306: FutureWarning: Unlike other reduction functions (e.g. `skew`, `kurtosis`), the default behavior of `mode` typically preserves the axis it acts along. In SciPy 1.11.0, this behavior will change: the default value of `keepdims` will become False, the `axis` over which the statistic is taken will be eliminated, and the value None will no longer be accepted. Set `keepdims` to True or False to avoid this warning.
  pred_votes = np.array([mode(s)[0] for s in splt_res]).squeeze()
/home/hywluc001/KPConv-PyTorch/utils/trainer.py:306: FutureWarning: Unlike other reduction functions (e.g. `skew`, `kurtosis`), the default behavior of `mode` typically preserves the axis it acts along. In SciPy 1.11.0, this behavior will change: the default value of `keepdims` will become False, the `axis` over which the statistic is taken will be eliminated, and the value None will no longer be accepted. Set `keepdims` to True or False to avoid this warning.
  pred_votes = np.array([mode(s)[0] for s in splt_res]).squeeze()
/home/hywluc001/KPConv-PyTorch/utils/trainer.py:306: FutureWarning: Unlike other reduction functions (e.g. `skew`, `kurtosis`), the default behavior of `mode` typically preserves the axis it acts along. In SciPy 1.11.0, this behavior will change: the default value of `keepdims` will become False, the `axis` over which the statistic is taken will be eliminated, and the value None will no longer be accepted. Set `keepdims` to True or False to avoid this warning.
  pred_votes = np.array([mode(s)[0] for s in splt_res]).squeeze()
/home/hywluc001/KPConv-PyTorch/utils/trainer.py:306: FutureWarning: Unlike other reduction functions (e.g. `skew`, `kurtosis`), the default behavior of `mode` typically preserves the axis it acts along. In SciPy 1.11.0, this behavior will change: the default value of `keepdims` will become False, the `axis` over which the statistic is taken will be eliminated, and the value None will no longer be accepted. Set `keepdims` to True or False to avoid this warning.
  pred_votes = np.array([mode(s)[0] for s in splt_res]).squeeze()
/home/hywluc001/KPConv-PyTorch/utils/trainer.py:306: FutureWarning: Unlike other reduction functions (e.g. `skew`, `kurtosis`), the default behavior of `mode` typically preserves the axis it acts along. In SciPy 1.11.0, this behavior will change: the default value of `keepdims` will become False, the `axis` over which the statistic is taken will be eliminated, and the value None will no longer be accepted. Set `keepdims` to True or False to avoid this warning.
  pred_votes = np.array([mode(s)[0] for s in splt_res]).squeeze()
/home/hywluc001/KPConv-PyTorch/utils/trainer.py:306: FutureWarning: Unlike other reduction functions (e.g. `skew`, `kurtosis`), the default behavior of `mode` typically preserves the axis it acts along. In SciPy 1.11.0, this behavior will change: the default value of `keepdims` will become False, the `axis` over which the statistic is taken will be eliminated, and the value None will no longer be accepted. Set `keepdims` to True or False to avoid this warning.
  pred_votes = np.array([mode(s)[0] for s in splt_res]).squeeze()
/home/hywluc001/KPConv-PyTorch/utils/trainer.py:306: FutureWarning: Unlike other reduction functions (e.g. `skew`, `kurtosis`), the default behavior of `mode` typically preserves the axis it acts along. In SciPy 1.11.0, this behavior will change: the default value of `keepdims` will become False, the `axis` over which the statistic is taken will be eliminated, and the value None will no longer be accepted. Set `keepdims` to True or False to avoid this warning.
  pred_votes = np.array([mode(s)[0] for s in splt_res]).squeeze()
/home/hywluc001/KPConv-PyTorch/utils/trainer.py:306: FutureWarning: Unlike other reduction functions (e.g. `skew`, `kurtosis`), the default behavior of `mode` typically preserves the axis it acts along. In SciPy 1.11.0, this behavior will change: the default value of `keepdims` will become False, the `axis` over which the statistic is taken will be eliminated, and the value None will no longer be accepted. Set `keepdims` to True or False to avoid this warning.
  pred_votes = np.array([mode(s)[0] for s in splt_res]).squeeze()
/home/hywluc001/KPConv-PyTorch/utils/trainer.py:306: FutureWarning: Unlike other reduction functions (e.g. `skew`, `kurtosis`), the default behavior of `mode` typically preserves the axis it acts along. In SciPy 1.11.0, this behavior will change: the default value of `keepdims` will become False, the `axis` over which the statistic is taken will be eliminated, and the value None will no longer be accepted. Set `keepdims` to True or False to avoid this warning.
  pred_votes = np.array([mode(s)[0] for s in splt_res]).squeeze()
/home/hywluc001/KPConv-PyTorch/utils/trainer.py:306: FutureWarning: Unlike other reduction functions (e.g. `skew`, `kurtosis`), the default behavior of `mode` typically preserves the axis it acts along. In SciPy 1.11.0, this behavior will change: the default value of `keepdims` will become False, the `axis` over which the statistic is taken will be eliminated, and the value None will no longer be accepted. Set `keepdims` to True or False to avoid this warning.
  pred_votes = np.array([mode(s)[0] for s in splt_res]).squeeze()
/home/hywluc001/KPConv-PyTorch/utils/trainer.py:306: FutureWarning: Unlike other reduction functions (e.g. `skew`, `kurtosis`), the default behavior of `mode` typically preserves the axis it acts along. In SciPy 1.11.0, this behavior will change: the default value of `keepdims` will become False, the `axis` over which the statistic is taken will be eliminated, and the value None will no longer be accepted. Set `keepdims` to True or False to avoid this warning.
  pred_votes = np.array([mode(s)[0] for s in splt_res]).squeeze()
/home/hywluc001/KPConv-PyTorch/utils/trainer.py:306: FutureWarning: Unlike other reduction functions (e.g. `skew`, `kurtosis`), the default behavior of `mode` typically preserves the axis it acts along. In SciPy 1.11.0, this behavior will change: the default value of `keepdims` will become False, the `axis` over which the statistic is taken will be eliminated, and the value None will no longer be accepted. Set `keepdims` to True or False to avoid this warning.
  pred_votes = np.array([mode(s)[0] for s in splt_res]).squeeze()
/home/hywluc001/KPConv-PyTorch/utils/trainer.py:306: FutureWarning: Unlike other reduction functions (e.g. `skew`, `kurtosis`), the default behavior of `mode` typically preserves the axis it acts along. In SciPy 1.11.0, this behavior will change: the default value of `keepdims` will become False, the `axis` over which the statistic is taken will be eliminated, and the value None will no longer be accepted. Set `keepdims` to True or False to avoid this warning.
  pred_votes = np.array([mode(s)[0] for s in splt_res]).squeeze()
/home/hywluc001/KPConv-PyTorch/utils/trainer.py:306: FutureWarning: Unlike other reduction functions (e.g. `skew`, `kurtosis`), the default behavior of `mode` typically preserves the axis it acts along. In SciPy 1.11.0, this behavior will change: the default value of `keepdims` will become False, the `axis` over which the statistic is taken will be eliminated, and the value None will no longer be accepted. Set `keepdims` to True or False to avoid this warning.
  pred_votes = np.array([mode(s)[0] for s in splt_res]).squeeze()
/home/hywluc001/KPConv-PyTorch/utils/trainer.py:306: FutureWarning: Unlike other reduction functions (e.g. `skew`, `kurtosis`), the default behavior of `mode` typically preserves the axis it acts along. In SciPy 1.11.0, this behavior will change: the default value of `keepdims` will become False, the `axis` over which the statistic is taken will be eliminated, and the value None will no longer be accepted. Set `keepdims` to True or False to avoid this warning.
  pred_votes = np.array([mode(s)[0] for s in splt_res]).squeeze()
/home/hywluc001/KPConv-PyTorch/utils/trainer.py:306: FutureWarning: Unlike other reduction functions (e.g. `skew`, `kurtosis`), the default behavior of `mode` typically preserves the axis it acts along. In SciPy 1.11.0, this behavior will change: the default value of `keepdims` will become False, the `axis` over which the statistic is taken will be eliminated, and the value None will no longer be accepted. Set `keepdims` to True or False to avoid this warning.
  pred_votes = np.array([mode(s)[0] for s in splt_res]).squeeze()
/home/hywluc001/KPConv-PyTorch/utils/trainer.py:306: FutureWarning: Unlike other reduction functions (e.g. `skew`, `kurtosis`), the default behavior of `mode` typically preserves the axis it acts along. In SciPy 1.11.0, this behavior will change: the default value of `keepdims` will become False, the `axis` over which the statistic is taken will be eliminated, and the value None will no longer be accepted. Set `keepdims` to True or False to avoid this warning.
  pred_votes = np.array([mode(s)[0] for s in splt_res]).squeeze()
/home/hywluc001/KPConv-PyTorch/utils/trainer.py:306: FutureWarning: Unlike other reduction functions (e.g. `skew`, `kurtosis`), the default behavior of `mode` typically preserves the axis it acts along. In SciPy 1.11.0, this behavior will change: the default value of `keepdims` will become False, the `axis` over which the statistic is taken will be eliminated, and the value None will no longer be accepted. Set `keepdims` to True or False to avoid this warning.
  pred_votes = np.array([mode(s)[0] for s in splt_res]).squeeze()
/home/hywluc001/KPConv-PyTorch/utils/trainer.py:306: FutureWarning: Unlike other reduction functions (e.g. `skew`, `kurtosis`), the default behavior of `mode` typically preserves the axis it acts along. In SciPy 1.11.0, this behavior will change: the default value of `keepdims` will become False, the `axis` over which the statistic is taken will be eliminated, and the value None will no longer be accepted. Set `keepdims` to True or False to avoid this warning.
  pred_votes = np.array([mode(s)[0] for s in splt_res]).squeeze()
/home/hywluc001/KPConv-PyTorch/utils/trainer.py:306: FutureWarning: Unlike other reduction functions (e.g. `skew`, `kurtosis`), the default behavior of `mode` typically preserves the axis it acts along. In SciPy 1.11.0, this behavior will change: the default value of `keepdims` will become False, the `axis` over which the statistic is taken will be eliminated, and the value None will no longer be accepted. Set `keepdims` to True or False to avoid this warning.
  pred_votes = np.array([mode(s)[0] for s in splt_res]).squeeze()
/home/hywluc001/KPConv-PyTorch/utils/trainer.py:306: FutureWarning: Unlike other reduction functions (e.g. `skew`, `kurtosis`), the default behavior of `mode` typically preserves the axis it acts along. In SciPy 1.11.0, this behavior will change: the default value of `keepdims` will become False, the `axis` over which the statistic is taken will be eliminated, and the value None will no longer be accepted. Set `keepdims` to True or False to avoid this warning.
  pred_votes = np.array([mode(s)[0] for s in splt_res]).squeeze()
/home/hywluc001/KPConv-PyTorch/utils/trainer.py:306: FutureWarning: Unlike other reduction functions (e.g. `skew`, `kurtosis`), the default behavior of `mode` typically preserves the axis it acts along. In SciPy 1.11.0, this behavior will change: the default value of `keepdims` will become False, the `axis` over which the statistic is taken will be eliminated, and the value None will no longer be accepted. Set `keepdims` to True or False to avoid this warning.
  pred_votes = np.array([mode(s)[0] for s in splt_res]).squeeze()
/home/hywluc001/KPConv-PyTorch/utils/trainer.py:306: FutureWarning: Unlike other reduction functions (e.g. `skew`, `kurtosis`), the default behavior of `mode` typically preserves the axis it acts along. In SciPy 1.11.0, this behavior will change: the default value of `keepdims` will become False, the `axis` over which the statistic is taken will be eliminated, and the value None will no longer be accepted. Set `keepdims` to True or False to avoid this warning.
  pred_votes = np.array([mode(s)[0] for s in splt_res]).squeeze()
/home/hywluc001/KPConv-PyTorch/utils/trainer.py:306: FutureWarning: Unlike other reduction functions (e.g. `skew`, `kurtosis`), the default behavior of `mode` typically preserves the axis it acts along. In SciPy 1.11.0, this behavior will change: the default value of `keepdims` will become False, the `axis` over which the statistic is taken will be eliminated, and the value None will no longer be accepted. Set `keepdims` to True or False to avoid this warning.
  pred_votes = np.array([mode(s)[0] for s in splt_res]).squeeze()
/home/hywluc001/KPConv-PyTorch/utils/trainer.py:306: FutureWarning: Unlike other reduction functions (e.g. `skew`, `kurtosis`), the default behavior of `mode` typically preserves the axis it acts along. In SciPy 1.11.0, this behavior will change: the default value of `keepdims` will become False, the `axis` over which the statistic is taken will be eliminated, and the value None will no longer be accepted. Set `keepdims` to True or False to avoid this warning.
  pred_votes = np.array([mode(s)[0] for s in splt_res]).squeeze()
/home/hywluc001/KPConv-PyTorch/utils/trainer.py:306: FutureWarning: Unlike other reduction functions (e.g. `skew`, `kurtosis`), the default behavior of `mode` typically preserves the axis it acts along. In SciPy 1.11.0, this behavior will change: the default value of `keepdims` will become False, the `axis` over which the statistic is taken will be eliminated, and the value None will no longer be accepted. Set `keepdims` to True or False to avoid this warning.
  pred_votes = np.array([mode(s)[0] for s in splt_res]).squeeze()
/home/hywluc001/KPConv-PyTorch/utils/trainer.py:306: FutureWarning: Unlike other reduction functions (e.g. `skew`, `kurtosis`), the default behavior of `mode` typically preserves the axis it acts along. In SciPy 1.11.0, this behavior will change: the default value of `keepdims` will become False, the `axis` over which the statistic is taken will be eliminated, and the value None will no longer be accepted. Set `keepdims` to True or False to avoid this warning.
  pred_votes = np.array([mode(s)[0] for s in splt_res]).squeeze()
/home/hywluc001/KPConv-PyTorch/utils/trainer.py:306: FutureWarning: Unlike other reduction functions (e.g. `skew`, `kurtosis`), the default behavior of `mode` typically preserves the axis it acts along. In SciPy 1.11.0, this behavior will change: the default value of `keepdims` will become False, the `axis` over which the statistic is taken will be eliminated, and the value None will no longer be accepted. Set `keepdims` to True or False to avoid this warning.
  pred_votes = np.array([mode(s)[0] for s in splt_res]).squeeze()
/home/hywluc001/KPConv-PyTorch/utils/trainer.py:306: FutureWarning: Unlike other reduction functions (e.g. `skew`, `kurtosis`), the default behavior of `mode` typically preserves the axis it acts along. In SciPy 1.11.0, this behavior will change: the default value of `keepdims` will become False, the `axis` over which the statistic is taken will be eliminated, and the value None will no longer be accepted. Set `keepdims` to True or False to avoid this warning.
  pred_votes = np.array([mode(s)[0] for s in splt_res]).squeeze()
/home/hywluc001/KPConv-PyTorch/utils/trainer.py:306: FutureWarning: Unlike other reduction functions (e.g. `skew`, `kurtosis`), the default behavior of `mode` typically preserves the axis it acts along. In SciPy 1.11.0, this behavior will change: the default value of `keepdims` will become False, the `axis` over which the statistic is taken will be eliminated, and the value None will no longer be accepted. Set `keepdims` to True or False to avoid this warning.
  pred_votes = np.array([mode(s)[0] for s in splt_res]).squeeze()
/home/hywluc001/KPConv-PyTorch/utils/trainer.py:306: FutureWarning: Unlike other reduction functions (e.g. `skew`, `kurtosis`), the default behavior of `mode` typically preserves the axis it acts along. In SciPy 1.11.0, this behavior will change: the default value of `keepdims` will become False, the `axis` over which the statistic is taken will be eliminated, and the value None will no longer be accepted. Set `keepdims` to True or False to avoid this warning.
  pred_votes = np.array([mode(s)[0] for s in splt_res]).squeeze()
/home/hywluc001/KPConv-PyTorch/utils/trainer.py:306: FutureWarning: Unlike other reduction functions (e.g. `skew`, `kurtosis`), the default behavior of `mode` typically preserves the axis it acts along. In SciPy 1.11.0, this behavior will change: the default value of `keepdims` will become False, the `axis` over which the statistic is taken will be eliminated, and the value None will no longer be accepted. Set `keepdims` to True or False to avoid this warning.
  pred_votes = np.array([mode(s)[0] for s in splt_res]).squeeze()
/home/hywluc001/KPConv-PyTorch/utils/trainer.py:306: FutureWarning: Unlike other reduction functions (e.g. `skew`, `kurtosis`), the default behavior of `mode` typically preserves the axis it acts along. In SciPy 1.11.0, this behavior will change: the default value of `keepdims` will become False, the `axis` over which the statistic is taken will be eliminated, and the value None will no longer be accepted. Set `keepdims` to True or False to avoid this warning.
  pred_votes = np.array([mode(s)[0] for s in splt_res]).squeeze()
/home/hywluc001/KPConv-PyTorch/utils/trainer.py:306: FutureWarning: Unlike other reduction functions (e.g. `skew`, `kurtosis`), the default behavior of `mode` typically preserves the axis it acts along. In SciPy 1.11.0, this behavior will change: the default value of `keepdims` will become False, the `axis` over which the statistic is taken will be eliminated, and the value None will no longer be accepted. Set `keepdims` to True or False to avoid this warning.
  pred_votes = np.array([mode(s)[0] for s in splt_res]).squeeze()
/home/hywluc001/KPConv-PyTorch/utils/trainer.py:306: FutureWarning: Unlike other reduction functions (e.g. `skew`, `kurtosis`), the default behavior of `mode` typically preserves the axis it acts along. In SciPy 1.11.0, this behavior will change: the default value of `keepdims` will become False, the `axis` over which the statistic is taken will be eliminated, and the value None will no longer be accepted. Set `keepdims` to True or False to avoid this warning.
  pred_votes = np.array([mode(s)[0] for s in splt_res]).squeeze()
/home/hywluc001/KPConv-PyTorch/utils/trainer.py:306: FutureWarning: Unlike other reduction functions (e.g. `skew`, `kurtosis`), the default behavior of `mode` typically preserves the axis it acts along. In SciPy 1.11.0, this behavior will change: the default value of `keepdims` will become False, the `axis` over which the statistic is taken will be eliminated, and the value None will no longer be accepted. Set `keepdims` to True or False to avoid this warning.
  pred_votes = np.array([mode(s)[0] for s in splt_res]).squeeze()
/home/hywluc001/KPConv-PyTorch/utils/trainer.py:306: FutureWarning: Unlike other reduction functions (e.g. `skew`, `kurtosis`), the default behavior of `mode` typically preserves the axis it acts along. In SciPy 1.11.0, this behavior will change: the default value of `keepdims` will become False, the `axis` over which the statistic is taken will be eliminated, and the value None will no longer be accepted. Set `keepdims` to True or False to avoid this warning.
  pred_votes = np.array([mode(s)[0] for s in splt_res]).squeeze()
/home/hywluc001/KPConv-PyTorch/utils/trainer.py:306: FutureWarning: Unlike other reduction functions (e.g. `skew`, `kurtosis`), the default behavior of `mode` typically preserves the axis it acts along. In SciPy 1.11.0, this behavior will change: the default value of `keepdims` will become False, the `axis` over which the statistic is taken will be eliminated, and the value None will no longer be accepted. Set `keepdims` to True or False to avoid this warning.
  pred_votes = np.array([mode(s)[0] for s in splt_res]).squeeze()
/home/hywluc001/KPConv-PyTorch/utils/trainer.py:306: FutureWarning: Unlike other reduction functions (e.g. `skew`, `kurtosis`), the default behavior of `mode` typically preserves the axis it acts along. In SciPy 1.11.0, this behavior will change: the default value of `keepdims` will become False, the `axis` over which the statistic is taken will be eliminated, and the value None will no longer be accepted. Set `keepdims` to True or False to avoid this warning.
  pred_votes = np.array([mode(s)[0] for s in splt_res]).squeeze()
/home/hywluc001/KPConv-PyTorch/utils/trainer.py:306: FutureWarning: Unlike other reduction functions (e.g. `skew`, `kurtosis`), the default behavior of `mode` typically preserves the axis it acts along. In SciPy 1.11.0, this behavior will change: the default value of `keepdims` will become False, the `axis` over which the statistic is taken will be eliminated, and the value None will no longer be accepted. Set `keepdims` to True or False to avoid this warning.
  pred_votes = np.array([mode(s)[0] for s in splt_res]).squeeze()
/home/hywluc001/KPConv-PyTorch/utils/trainer.py:306: FutureWarning: Unlike other reduction functions (e.g. `skew`, `kurtosis`), the default behavior of `mode` typically preserves the axis it acts along. In SciPy 1.11.0, this behavior will change: the default value of `keepdims` will become False, the `axis` over which the statistic is taken will be eliminated, and the value None will no longer be accepted. Set `keepdims` to True or False to avoid this warning.
  pred_votes = np.array([mode(s)[0] for s in splt_res]).squeeze()
/home/hywluc001/KPConv-PyTorch/utils/trainer.py:306: FutureWarning: Unlike other reduction functions (e.g. `skew`, `kurtosis`), the default behavior of `mode` typically preserves the axis it acts along. In SciPy 1.11.0, this behavior will change: the default value of `keepdims` will become False, the `axis` over which the statistic is taken will be eliminated, and the value None will no longer be accepted. Set `keepdims` to True or False to avoid this warning.
  pred_votes = np.array([mode(s)[0] for s in splt_res]).squeeze()
/home/hywluc001/KPConv-PyTorch/utils/trainer.py:306: FutureWarning: Unlike other reduction functions (e.g. `skew`, `kurtosis`), the default behavior of `mode` typically preserves the axis it acts along. In SciPy 1.11.0, this behavior will change: the default value of `keepdims` will become False, the `axis` over which the statistic is taken will be eliminated, and the value None will no longer be accepted. Set `keepdims` to True or False to avoid this warning.
  pred_votes = np.array([mode(s)[0] for s in splt_res]).squeeze()
/home/hywluc001/KPConv-PyTorch/utils/trainer.py:306: FutureWarning: Unlike other reduction functions (e.g. `skew`, `kurtosis`), the default behavior of `mode` typically preserves the axis it acts along. In SciPy 1.11.0, this behavior will change: the default value of `keepdims` will become False, the `axis` over which the statistic is taken will be eliminated, and the value None will no longer be accepted. Set `keepdims` to True or False to avoid this warning.
  pred_votes = np.array([mode(s)[0] for s in splt_res]).squeeze()
/home/hywluc001/KPConv-PyTorch/utils/trainer.py:306: FutureWarning: Unlike other reduction functions (e.g. `skew`, `kurtosis`), the default behavior of `mode` typically preserves the axis it acts along. In SciPy 1.11.0, this behavior will change: the default value of `keepdims` will become False, the `axis` over which the statistic is taken will be eliminated, and the value None will no longer be accepted. Set `keepdims` to True or False to avoid this warning.
  pred_votes = np.array([mode(s)[0] for s in splt_res]).squeeze()
/home/hywluc001/KPConv-PyTorch/utils/trainer.py:306: FutureWarning: Unlike other reduction functions (e.g. `skew`, `kurtosis`), the default behavior of `mode` typically preserves the axis it acts along. In SciPy 1.11.0, this behavior will change: the default value of `keepdims` will become False, the `axis` over which the statistic is taken will be eliminated, and the value None will no longer be accepted. Set `keepdims` to True or False to avoid this warning.
  pred_votes = np.array([mode(s)[0] for s in splt_res]).squeeze()
/home/hywluc001/KPConv-PyTorch/utils/trainer.py:306: FutureWarning: Unlike other reduction functions (e.g. `skew`, `kurtosis`), the default behavior of `mode` typically preserves the axis it acts along. In SciPy 1.11.0, this behavior will change: the default value of `keepdims` will become False, the `axis` over which the statistic is taken will be eliminated, and the value None will no longer be accepted. Set `keepdims` to True or False to avoid this warning.
  pred_votes = np.array([mode(s)[0] for s in splt_res]).squeeze()
/home/hywluc001/KPConv-PyTorch/utils/trainer.py:306: FutureWarning: Unlike other reduction functions (e.g. `skew`, `kurtosis`), the default behavior of `mode` typically preserves the axis it acts along. In SciPy 1.11.0, this behavior will change: the default value of `keepdims` will become False, the `axis` over which the statistic is taken will be eliminated, and the value None will no longer be accepted. Set `keepdims` to True or False to avoid this warning.
  pred_votes = np.array([mode(s)[0] for s in splt_res]).squeeze()
/home/hywluc001/KPConv-PyTorch/utils/trainer.py:306: FutureWarning: Unlike other reduction functions (e.g. `skew`, `kurtosis`), the default behavior of `mode` typically preserves the axis it acts along. In SciPy 1.11.0, this behavior will change: the default value of `keepdims` will become False, the `axis` over which the statistic is taken will be eliminated, and the value None will no longer be accepted. Set `keepdims` to True or False to avoid this warning.
  pred_votes = np.array([mode(s)[0] for s in splt_res]).squeeze()
/home/hywluc001/KPConv-PyTorch/utils/trainer.py:306: FutureWarning: Unlike other reduction functions (e.g. `skew`, `kurtosis`), the default behavior of `mode` typically preserves the axis it acts along. In SciPy 1.11.0, this behavior will change: the default value of `keepdims` will become False, the `axis` over which the statistic is taken will be eliminated, and the value None will no longer be accepted. Set `keepdims` to True or False to avoid this warning.
  pred_votes = np.array([mode(s)[0] for s in splt_res]).squeeze()
/home/hywluc001/KPConv-PyTorch/utils/trainer.py:306: FutureWarning: Unlike other reduction functions (e.g. `skew`, `kurtosis`), the default behavior of `mode` typically preserves the axis it acts along. In SciPy 1.11.0, this behavior will change: the default value of `keepdims` will become False, the `axis` over which the statistic is taken will be eliminated, and the value None will no longer be accepted. Set `keepdims` to True or False to avoid this warning.
  pred_votes = np.array([mode(s)[0] for s in splt_res]).squeeze()
/home/hywluc001/KPConv-PyTorch/utils/trainer.py:306: FutureWarning: Unlike other reduction functions (e.g. `skew`, `kurtosis`), the default behavior of `mode` typically preserves the axis it acts along. In SciPy 1.11.0, this behavior will change: the default value of `keepdims` will become False, the `axis` over which the statistic is taken will be eliminated, and the value None will no longer be accepted. Set `keepdims` to True or False to avoid this warning.
  pred_votes = np.array([mode(s)[0] for s in splt_res]).squeeze()
/home/hywluc001/KPConv-PyTorch/utils/trainer.py:306: FutureWarning: Unlike other reduction functions (e.g. `skew`, `kurtosis`), the default behavior of `mode` typically preserves the axis it acts along. In SciPy 1.11.0, this behavior will change: the default value of `keepdims` will become False, the `axis` over which the statistic is taken will be eliminated, and the value None will no longer be accepted. Set `keepdims` to True or False to avoid this warning.
  pred_votes = np.array([mode(s)[0] for s in splt_res]).squeeze()
/home/hywluc001/KPConv-PyTorch/utils/trainer.py:306: FutureWarning: Unlike other reduction functions (e.g. `skew`, `kurtosis`), the default behavior of `mode` typically preserves the axis it acts along. In SciPy 1.11.0, this behavior will change: the default value of `keepdims` will become False, the `axis` over which the statistic is taken will be eliminated, and the value None will no longer be accepted. Set `keepdims` to True or False to avoid this warning.
  pred_votes = np.array([mode(s)[0] for s in splt_res]).squeeze()
/home/hywluc001/KPConv-PyTorch/utils/trainer.py:306: FutureWarning: Unlike other reduction functions (e.g. `skew`, `kurtosis`), the default behavior of `mode` typically preserves the axis it acts along. In SciPy 1.11.0, this behavior will change: the default value of `keepdims` will become False, the `axis` over which the statistic is taken will be eliminated, and the value None will no longer be accepted. Set `keepdims` to True or False to avoid this warning.
  pred_votes = np.array([mode(s)[0] for s in splt_res]).squeeze()
/home/hywluc001/KPConv-PyTorch/utils/trainer.py:306: FutureWarning: Unlike other reduction functions (e.g. `skew`, `kurtosis`), the default behavior of `mode` typically preserves the axis it acts along. In SciPy 1.11.0, this behavior will change: the default value of `keepdims` will become False, the `axis` over which the statistic is taken will be eliminated, and the value None will no longer be accepted. Set `keepdims` to True or False to avoid this warning.
  pred_votes = np.array([mode(s)[0] for s in splt_res]).squeeze()
/home/hywluc001/KPConv-PyTorch/utils/trainer.py:306: FutureWarning: Unlike other reduction functions (e.g. `skew`, `kurtosis`), the default behavior of `mode` typically preserves the axis it acts along. In SciPy 1.11.0, this behavior will change: the default value of `keepdims` will become False, the `axis` over which the statistic is taken will be eliminated, and the value None will no longer be accepted. Set `keepdims` to True or False to avoid this warning.
  pred_votes = np.array([mode(s)[0] for s in splt_res]).squeeze()
/home/hywluc001/KPConv-PyTorch/utils/trainer.py:306: FutureWarning: Unlike other reduction functions (e.g. `skew`, `kurtosis`), the default behavior of `mode` typically preserves the axis it acts along. In SciPy 1.11.0, this behavior will change: the default value of `keepdims` will become False, the `axis` over which the statistic is taken will be eliminated, and the value None will no longer be accepted. Set `keepdims` to True or False to avoid this warning.
  pred_votes = np.array([mode(s)[0] for s in splt_res]).squeeze()
/home/hywluc001/KPConv-PyTorch/utils/trainer.py:306: FutureWarning: Unlike other reduction functions (e.g. `skew`, `kurtosis`), the default behavior of `mode` typically preserves the axis it acts along. In SciPy 1.11.0, this behavior will change: the default value of `keepdims` will become False, the `axis` over which the statistic is taken will be eliminated, and the value None will no longer be accepted. Set `keepdims` to True or False to avoid this warning.
  pred_votes = np.array([mode(s)[0] for s in splt_res]).squeeze()
/home/hywluc001/KPConv-PyTorch/utils/trainer.py:306: FutureWarning: Unlike other reduction functions (e.g. `skew`, `kurtosis`), the default behavior of `mode` typically preserves the axis it acts along. In SciPy 1.11.0, this behavior will change: the default value of `keepdims` will become False, the `axis` over which the statistic is taken will be eliminated, and the value None will no longer be accepted. Set `keepdims` to True or False to avoid this warning.
  pred_votes = np.array([mode(s)[0] for s in splt_res]).squeeze()
/home/hywluc001/KPConv-PyTorch/utils/trainer.py:306: FutureWarning: Unlike other reduction functions (e.g. `skew`, `kurtosis`), the default behavior of `mode` typically preserves the axis it acts along. In SciPy 1.11.0, this behavior will change: the default value of `keepdims` will become False, the `axis` over which the statistic is taken will be eliminated, and the value None will no longer be accepted. Set `keepdims` to True or False to avoid this warning.
  pred_votes = np.array([mode(s)[0] for s in splt_res]).squeeze()
/home/hywluc001/KPConv-PyTorch/utils/trainer.py:306: FutureWarning: Unlike other reduction functions (e.g. `skew`, `kurtosis`), the default behavior of `mode` typically preserves the axis it acts along. In SciPy 1.11.0, this behavior will change: the default value of `keepdims` will become False, the `axis` over which the statistic is taken will be eliminated, and the value None will no longer be accepted. Set `keepdims` to True or False to avoid this warning.
  pred_votes = np.array([mode(s)[0] for s in splt_res]).squeeze()
wandb: Waiting for W&B process to finish... (success).
wandb: 
wandb: Run history:
wandb:               Train/F1 ▁▆███▇██▇█▇▇█▇██▇▇▇▇▇▇▇▇▇▇▇▆██████▇█████
wandb:               Train/FN █▃▁▁▁▁▁▁▁▂▁▁▁▂▁▁▂▂▂▂▂▂▂▂▂▂▂▂▁▁▁▁▁▁▂▁▁▁▁▁
wandb:               Train/FP ▁▇███████████▇██▇▇▇▇▇▇▇▇▇▇▇▇██████▇█████
wandb:               Train/TN █▆▆▆█▆▅▇▁▇▅▂▇▆▇▇▅▅▇▆▅▃▆▇▆▆▆▃▇▇█▇▇▇▇▇▇▆▇▇
wandb:         Train/accuracy ▁▆███▇▇█▇█▇▇█▇██▇▇▇▇▇▇▇▇▇▇▇▆██████▇█████
wandb:      Train/category-FN █▃▁▁▁▁▁▁▁▂▁▁▁▂▁▁▂▂▂▂▂▂▂▂▂▂▂▂▁▁▁▁▁▁▂▁▁▁▁▁
wandb:      Train/category-FP ▁▃▃▃▁▃▃▂█▂▅▇▂▃▂▂▅▃▂▃▅▇▃▂▃▃▃▆▂▂▂▂▂▂▂▂▂▃▂▂
wandb:      Train/category-TN █▆▆▆█▆▆▇▁▇▄▂▇▆▇▇▄▆▇▆▄▂▆▇▆▆▆▃▇▇▇▇▇▇▇▇▇▆▇▇
wandb:      Train/category-TP ▁▆███████▇███▇██▇▇▇▇▇▇▇▇▇▇▇▇██████▇█████
wandb:            Train/epoch ▁▁▁▁▂▂▂▂▂▃▃▃▃▃▃▄▄▄▄▄▅▅▅▅▅▅▆▆▆▆▆▇▇▇▇▇▇███
wandb:             Train/mIoU ▁▆███▇▇█▇█▇▇█▇██▇▇▇▇▇▇▇▇▇▇▇▆██████▇█████
wandb:          Validation/F1 ▇▅▆▇▅▇▇▅▃▇▁▁▇▅▆▇▆▆█▆▄▅▅▇▄█▇▆▄▅▆▆▆▆▆▅▇▆▇▆
wandb:          Validation/FN ▄▅▄▂▅▄▃▅▆▄██▃▆▅▃▅▄▃▅▆▅▅▃▇▁▃▄▆▆▅▅▄▄▄▅▄▄▃▄
wandb:          Validation/FP ▂▂▂▆▂▂▂▁▁▂▁▁▄▁▂▂▁▃▂▁▁▂▂▂▁█▂▂▁▁▁▂▁▁▁▁▂▁▂▁
wandb:          Validation/TN ▆▅▄▅▅▆▄▇█▆▇▅▅▆▅▅▆▆▄▅▆▆▄▆▄▁▆█▅▆▆▄▆▆▇▆▆▆▆▆
wandb:          Validation/TP ▅▄▅▆▄▅▆▄▂▅▁▁▆▄▄▆▄▅▆▅▂▃▄▆▃█▆▄▃▄▄▄▅▄▅▄▅▅▅▅
wandb:    Validation/accuracy ▇▅▆▇▄▇▇▅▄▇▂▁▇▄▅▇▅▆█▅▃▄▅▇▂█▇▆▃▄▆▅▆▆▇▅▇▆▇▆
wandb: Validation/category-FN ▄▅▄▂▅▄▃▅▇▄██▃▆▅▃▅▄▃▅▇▆▅▃▇▁▃▅▆▅▅▅▅▅▄▅▄▄▃▄
wandb: Validation/category-FP ▂▂▂▄▂▂▂▁▁▂▁▁▃▁▂▂▁▂▂▁▁▂▂▂▁█▂▂▁▁▁▂▁▁▁▁▁▁▁▁
wandb: Validation/category-TN ▇▇▇▅▇▇▇██▇██▆█▇▇█▇▇██▇▇▇█▁▇▇███▇████████
wandb: Validation/category-TP ▅▄▅▇▄▅▆▄▂▅▁▁▆▃▄▆▄▅▆▄▂▃▄▆▂█▆▄▃▄▄▄▄▄▅▄▅▅▆▅
wandb:        Validation/mIoU ▇▅▆█▄▇▇▅▃▇▁▁█▄▅█▅▇█▅▃▄▅█▂▇█▆▃▄▆▅▆▆▇▅▇▆█▆
wandb: 
wandb: Run summary:
wandb:            Train/epoch 99
wandb:          Validation/FN 193523
wandb:          Validation/FP 2495
wandb:          Validation/TN 169439
wandb:          Validation/TP 230973
wandb: Validation/category-FN 0.456
wandb: Validation/category-FP 0.015
wandb: Validation/category-TN 0.985
wandb: Validation/category-TP 0.544
wandb: 
wandb: Synced Lunnahoja_2.5%: https://wandb.ai/luchayward/kpconv/runs/f0n7wfhe
wandb: Synced 7 W&B file(s), 0 media file(s), 0 artifact file(s) and 1 other file(s)
wandb: Find logs at: ./wandb/run-20221122_161328-f0n7wfhe/logs
